1675436791294	geckodriver	INFO	Listening on 127.0.0.1:54043
1675436791892	mozrunner::runner	INFO	Running command: "/usr/bin/firefox" "--marionette" "--remote-debugging-port" "52309" "--remote-allow-hosts" "localhost" "-no-remote" "-profile" "/tmp/rust_mozprofileHEL7KC"
1675436792235	Marionette	INFO	Marionette enabled
console.warn: SearchSettings: "get: No settings file exists, new profile?" (new NotFoundError("Could not open the file at /tmp/rust_mozprofileHEL7KC/search.json.mozlz4", (void 0)))
DevTools listening on ws://localhost:52309/devtools/browser/59ff6152-3dd1-4d66-a135-13f81f41d0a5
1675436793351	Marionette	INFO	Listening on port 36847
1675436793410	RemoteAgent	WARN	TLS certificate errors will be ignored for this session
1675436795596	Marionette	INFO	Stopped listening on port 36847
JavaScript error: resource:///modules/Interactions.jsm, line 209: NS_ERROR_FAILURE: Component returned failure code: 0x80004005 (NS_ERROR_FAILURE) [nsIUserIdleService.removeIdleObserver]
console.error: services.settings: 
  main/query-stripping Signature failed  TypeError: NetworkError when attempting to fetch resource.
console.error: Region.jsm: "Error fetching region" (new TypeError("NetworkError when attempting to fetch resource.", ""))
console.error: Region.jsm: "Failed to fetch region" (new Error("NO_RESULT", "resource://gre/modules/Region.jsm", 419))
!!! error running onStopped callback: TypeError: callback is not a function

###!!! [Parent][RunMessage] Error: Channel closing: too late to send/recv, messages will be lost

1675436795879	RemoteAgent	ERROR	unable to stop listener: [Exception... "Component returned failure code: 0x8000ffff (NS_ERROR_UNEXPECTED) [nsIWindowMediator.getEnumerator]"  nsresult: "0x8000ffff (NS_ERROR_UNEXPECTED)"  location: "JS frame :: chrome://remote/content/cdp/observers/TargetObserver.jsm :: stop :: line 64"  data: no] Stack trace: stop()@TargetObserver.jsm:64
unwatchForTabs()@TargetList.jsm:70
unwatchForTargets()@TargetList.jsm:37
destructor()@TargetList.jsm:109
stop()@CDP.jsm:104
close()@RemoteAgent.jsm:138
